08:32:21.160 INFO  init 
08:32:21.161 INFO  register route 
08:32:21.161 INFO  registered: /locale-resource 
08:32:21.168 INFO  Server is running on port 44444 
08:54:42.162 INFO  init 
08:54:42.163 INFO  register route 
08:54:42.163 INFO  registered: /locale-resource 
08:54:42.170 INFO  Server is running on port 44444 
09:01:51.090 INFO  init 
09:01:51.091 INFO  register route 
09:01:51.091 INFO  registered: /locale-resource 
09:01:51.099 INFO  Server is running on port 44444 
09:11:29.309 INFO  init 
09:11:29.310 INFO  register route 
09:11:29.311 INFO  registered: /locale-resource 
09:11:29.320 INFO  Server is running on port 44444 
09:12:03.937 INFO  init 
09:12:03.938 INFO  register route 
09:12:03.938 INFO  registered: /locale-resource 
09:12:03.945 INFO  Server is running on port 44444 
09:12:39.446 INFO  init 
09:12:39.447 INFO  register route 
09:12:39.447 INFO  registered: /locale-resource 
09:12:39.455 INFO  Server is running on port 44444 
09:14:27.609 INFO  init 
09:14:27.611 INFO  register route 
09:14:27.611 INFO  registered: /locale-resource 
09:14:27.619 INFO  Server is running on port 44444 
09:15:26.380 INFO  init 
09:15:26.381 INFO  register route 
09:15:26.381 INFO  registered: /locale-resource 
09:15:26.389 INFO  Server is running on port 44444 
09:35:12.138 INFO  init 
09:35:12.139 INFO  register route 
09:35:12.139 INFO  registered: /locale-resource 
09:35:12.146 INFO  Server is running on port 44444 
09:47:08.319 INFO  init 
09:47:08.320 INFO  register route 
09:47:08.320 INFO  registered: /locale-resource 
09:47:08.328 INFO  Server is running on port 44444 
09:47:58.886 INFO  init 
09:47:58.887 INFO  register route 
09:47:58.887 INFO  registered: /locale-resource 
09:47:58.895 INFO  Server is running on port 44444 
09:49:18.708 INFO  init 
09:49:18.709 INFO  register route 
09:49:18.710 INFO  registered: /locale-resource 
09:49:18.717 INFO  Server is running on port 44444 
10:04:07.713 INFO  init 
10:04:07.715 INFO  register route 
10:04:07.715 INFO  registered: /locale-resource 
10:04:07.724 INFO  Server is running on port 44444 
10:04:55.747 INFO  init 
10:04:55.748 INFO  register route 
10:04:55.748 INFO  registered: /locale-resource 
10:04:55.756 INFO  Server is running on port 44444 
15:18:19.934 INFO  init 
15:18:19.936 INFO  register route 
15:18:19.936 INFO  registered: /locale-resource 
15:18:19.944 INFO  Server is running on port 44444 
15:19:38.888 INFO  init 
15:19:38.889 INFO  register route 
15:19:38.889 INFO  registered: /locale-resource 
15:19:38.896 INFO  Server is running on port 44444 
15:20:29.735 INFO  init 
15:20:29.736 INFO  register route 
15:20:29.736 INFO  registered: /locale-resource 
15:20:29.743 INFO  Server is running on port 44444 
15:30:45.323 INFO  init 
15:30:45.324 INFO  register route 
15:30:45.324 INFO  registered: /locale-resource 
15:30:45.334 INFO  Server is running on port 44444 
15:38:06.345 INFO  init 
15:38:06.347 INFO  register route 
15:38:06.347 INFO  registered: /locale-resource 
15:38:06.354 INFO  Server is running on port 44444 
15:41:44.816 INFO  init 
15:41:44.817 INFO  register route 
15:41:44.817 INFO  registered: /locale-resource 
15:41:44.824 INFO  Server is running on port 44444 
08:25:32.031 INFO  init 
08:25:32.033 INFO  register route 
08:25:32.033 INFO  registered: /locale-resource 
08:25:32.041 INFO  Server is running on port 44444 
08:38:26.757 INFO  init 
08:38:26.759 INFO  register route 
08:38:26.759 INFO  registered: /locale-resource 
08:38:26.765 INFO  Server is running on port 44444 
08:39:36.344 INFO  init 
08:39:36.345 INFO  register route 
08:39:36.345 INFO  registered: /locale-resource 
08:39:36.353 INFO  Server is running on port 44444 
08:40:18.890 INFO  init 
08:40:18.891 INFO  register route 
08:40:18.892 INFO  registered: /locale-resource 
08:40:18.899 INFO  Server is running on port 44444 
08:40:45.713 INFO  init 
08:40:45.715 INFO  register route 
08:40:45.715 INFO  registered: /locale-resource 
08:40:45.724 INFO  Server is running on port 44444 
08:43:25.512 INFO  init 
08:43:25.514 INFO  register route 
08:43:25.514 INFO  registered: /locale-resource 
08:43:25.524 INFO  Server is running on port 44444 
08:44:04.982 INFO  init 
08:44:04.983 INFO  register route 
08:44:04.983 INFO  registered: /locale-resource 
08:44:04.992 INFO  Server is running on port 44444 
08:55:59.034 INFO  init 
08:55:59.035 INFO  register route 
08:55:59.035 INFO  registered: /locale-resource 
08:55:59.043 INFO  Server is running on port 44444 
08:57:22.650 INFO  init 
08:57:22.651 INFO  register route 
08:57:22.651 INFO  registered: /locale-resource 
08:57:22.659 INFO  Server is running on port 44444 
08:58:25.381 INFO  init 
08:58:25.383 INFO  register route 
08:58:25.383 INFO  registered: /locale-resource 
08:58:25.390 INFO  Server is running on port 44444 
08:58:54.979 INFO  init 
08:58:54.980 INFO  register route 
08:58:54.980 INFO  registered: /locale-resource 
08:58:54.987 INFO  Server is running on port 44444 
08:59:00.832 INFO  init 
08:59:00.833 INFO  register route 
08:59:00.833 INFO  registered: /locale-resource 
08:59:00.840 INFO  Server is running on port 44444 
09:01:36.199 INFO  init 
09:01:36.201 INFO  register route 
09:01:36.201 INFO  registered: /locale-resource 
09:01:36.216 INFO  Server is running on port 44444 
09:02:14.921 INFO  init 
09:02:14.923 INFO  register route 
09:02:14.923 INFO  registered: /locale-resource 
09:02:14.930 INFO  Server is running on port 44444 
09:02:57.210 INFO  init 
09:02:57.211 INFO  register route 
09:02:57.211 INFO  registered: /locale-resource 
09:02:57.218 INFO  Server is running on port 44444 
09:03:01.535 INFO  init 
09:03:01.537 INFO  register route 
09:03:01.537 INFO  registered: /locale-resource 
09:03:01.547 INFO  Server is running on port 44444 
10:09:29.414 INFO  init 
10:09:29.415 INFO  register route 
10:09:29.415 INFO  registered: /locale-resource 
10:09:29.423 INFO  Server is running on port 44444 
10:10:20.043 INFO  init 
10:10:20.044 INFO  register route 
10:10:20.045 INFO  registered: /locale-resource 
10:10:20.052 INFO  Server is running on port 44444 
10:10:41.110 INFO  init 
10:10:41.111 INFO  register route 
10:10:41.111 INFO  registered: /locale-resource 
10:10:41.118 INFO  Server is running on port 44444 
11:10:17.589 INFO  init 
11:10:17.590 INFO  register route 
11:10:17.590 INFO  registered: /locale-resource 
11:10:17.598 INFO  Server is running on port 44444 
11:11:05.206 INFO  init 
11:11:05.207 INFO  register route 
11:11:05.207 INFO  registered: /locale-resource 
11:11:05.215 INFO  Server is running on port 44444 
11:11:55.302 INFO  init 
11:11:55.303 INFO  register route 
11:11:55.304 INFO  registered: /locale-resource 
11:11:55.311 INFO  Server is running on port 44444 
11:12:17.425 INFO  init 
11:12:17.427 INFO  register route 
11:12:17.428 INFO  registered: /locale-resource 
11:12:17.435 INFO  Server is running on port 44444 
11:15:26.567 INFO  init 
11:15:26.569 INFO  register route 
11:15:26.569 INFO  registered: /locale-resource 
11:15:26.579 INFO  Server is running on port 44444 
11:16:18.749 INFO  init 
11:16:18.750 INFO  register route 
11:16:18.750 INFO  registered: /locale-resource 
11:16:18.758 INFO  Server is running on port 44444 
11:18:46.628 INFO  init 
11:18:46.630 INFO  register route 
11:18:46.630 INFO  registered: /locale-resource 
11:18:46.638 INFO  Server is running on port 44444 
11:19:32.048 INFO  init 
11:19:32.049 INFO  register route 
11:19:32.049 INFO  registered: /locale-resource 
11:19:32.056 INFO  Server is running on port 44444 
11:21:41.790 INFO  init 
11:21:41.792 INFO  register route 
11:21:41.792 INFO  registered: /locale-resource 
11:21:41.802 INFO  Server is running on port 44444 
11:22:30.061 INFO  init 
11:22:30.062 INFO  register route 
11:22:30.062 INFO  registered: /locale-resource 
11:22:30.070 INFO  Server is running on port 44444 
11:23:05.942 INFO  init 
11:23:05.944 INFO  register route 
11:23:05.944 INFO  registered: /locale-resource 
11:23:05.953 INFO  Server is running on port 44444 
11:24:25.043 INFO  init 
11:24:25.044 INFO  register route 
11:24:25.044 INFO  registered: /locale-resource 
11:24:25.051 INFO  Server is running on port 44444 
11:24:52.689 INFO  init 
11:24:52.690 INFO  register route 
11:24:52.690 INFO  registered: /locale-resource 
11:24:52.697 INFO  Server is running on port 44444 
11:26:16.721 INFO  init 
11:26:16.722 INFO  register route 
11:26:16.722 INFO  registered: /locale-resource 
11:26:16.729 INFO  Server is running on port 44444 
11:30:27.165 INFO  init 
11:30:27.166 INFO  register route 
11:30:27.166 INFO  registered: /locale-resource 
11:30:27.174 INFO  Server is running on port 44444 
11:40:14.824 INFO  init 
11:40:14.826 INFO  register route 
11:40:14.826 INFO  registered: /locale-resource 
11:40:14.834 INFO  Server is running on port 44444 
11:41:53.865 INFO  init 
11:41:53.866 INFO  register route 
11:41:53.867 INFO  registered: /locale-resource 
11:41:53.875 INFO  Server is running on port 44444 
11:43:04.266 INFO  init 
11:43:04.267 INFO  register route 
11:43:04.268 INFO  registered: /locale-resource 
11:43:04.274 INFO  Server is running on port 44444 
11:44:35.798 INFO  init 
11:44:35.800 INFO  register route 
11:44:35.800 INFO  registered: /locale-resource 
11:44:35.808 INFO  Server is running on port 44444 
11:44:58.872 INFO  init 
11:44:58.873 INFO  register route 
11:44:58.873 INFO  registered: /locale-resource 
11:44:58.880 INFO  Server is running on port 44444 
11:47:28.889 INFO  init 
11:47:28.891 INFO  register route 
11:47:28.891 INFO  registered: /locale-resource 
11:47:28.900 INFO  Server is running on port 44444 
11:48:21.272 INFO  init 
11:48:21.273 INFO  register route 
11:48:21.273 INFO  registered: /locale-resource 
11:48:21.282 INFO  Server is running on port 44444 
11:49:26.143 INFO  init 
11:49:26.144 INFO  register route 
11:49:26.145 INFO  registered: /locale-resource 
11:49:26.153 INFO  Server is running on port 44444 
11:50:10.958 INFO  init 
11:50:10.960 INFO  register route 
11:50:10.960 INFO  registered: /locale-resource 
11:50:10.968 INFO  Server is running on port 44444 
11:50:58.280 INFO  init 
11:50:58.281 INFO  register route 
11:50:58.281 INFO  registered: /locale-resource 
11:50:58.289 INFO  Server is running on port 44444 
11:51:15.855 INFO  init 
11:51:15.858 INFO  register route 
11:51:15.858 INFO  registered: /locale-resource 
11:51:15.871 INFO  Server is running on port 44444 
11:52:17.803 INFO  init 
11:52:17.804 INFO  register route 
11:52:17.804 INFO  registered: /locale-resource 
11:52:17.811 INFO  Server is running on port 44444 
11:56:06.604 INFO  init 
11:56:06.605 INFO  register route 
11:56:06.605 INFO  registered: /locale-resource 
11:56:06.616 INFO  Server is running on port 44444 
13:19:12.335 INFO  init 
13:19:12.336 INFO  register route 
13:19:12.337 INFO  registered: /locale-resource 
13:19:12.344 INFO  Server is running on port 44444 
13:21:12.063 INFO  init 
13:21:12.065 INFO  register route 
13:21:12.065 INFO  registered: /locale-resource 
13:21:12.072 INFO  Server is running on port 44444 
13:24:56.872 INFO  init 
13:24:56.874 INFO  register route 
13:24:56.874 INFO  registered: /locale-resource 
13:24:56.885 INFO  Server is running on port 44444 
13:26:53.208 INFO  init 
13:26:53.210 INFO  register route 
13:26:53.210 INFO  registered: /locale-resource 
13:26:53.217 INFO  Server is running on port 44444 
13:27:59.041 INFO  init 
13:27:59.043 INFO  register route 
13:27:59.043 INFO  registered: /locale-resource 
13:27:59.051 INFO  Server is running on port 44444 
13:29:28.116 INFO  init 
13:29:28.117 INFO  register route 
13:29:28.117 INFO  registered: /locale-resource 
13:29:28.124 INFO  Server is running on port 44444 
13:30:07.633 INFO  init 
13:30:07.635 INFO  register route 
13:30:07.635 INFO  registered: /locale-resource 
13:30:07.642 INFO  Server is running on port 44444 
13:30:34.536 INFO  init 
13:30:34.537 INFO  register route 
13:30:34.537 INFO  registered: /locale-resource 
13:30:34.546 INFO  Server is running on port 44444 
13:31:27.860 INFO  init 
13:31:27.861 INFO  register route 
13:31:27.861 INFO  registered: /locale-resource 
13:31:27.869 INFO  Server is running on port 44444 
13:32:15.608 INFO  init 
13:32:15.609 INFO  register route 
13:32:15.609 INFO  registered: /locale-resource 
13:32:15.618 INFO  Server is running on port 44444 
13:33:53.937 INFO  init 
13:33:53.939 INFO  register route 
13:33:53.939 INFO  registered: /locale-resource 
13:33:53.946 INFO  Server is running on port 44444 
13:36:05.202 INFO  init 
13:36:05.204 INFO  register route 
13:36:05.204 INFO  registered: /locale-resource 
13:36:05.212 INFO  Server is running on port 44444 
13:36:33.013 INFO  init 
13:36:33.015 INFO  register route 
13:36:33.015 INFO  registered: /locale-resource 
13:36:33.024 INFO  Server is running on port 44444 
13:37:43.200 INFO  init 
13:37:43.202 INFO  register route 
13:37:43.202 INFO  registered: /locale-resource 
13:37:43.209 INFO  Server is running on port 44444 
13:39:17.334 INFO  init 
13:39:17.336 INFO  register route 
13:39:17.336 INFO  registered: /locale-resource 
13:39:17.343 INFO  Server is running on port 44444 
13:43:14.562 INFO  init 
13:43:14.564 INFO  register route 
13:43:14.564 INFO  registered: /locale-resource 
13:43:14.571 INFO  Server is running on port 44444 
13:44:18.323 INFO  init 
13:44:18.324 INFO  register route 
13:44:18.324 INFO  registered: /locale-resource 
13:44:18.331 INFO  Server is running on port 44444 
13:45:13.833 INFO  init 
13:45:13.834 INFO  register route 
13:45:13.834 INFO  registered: /locale-resource 
13:45:13.844 INFO  Server is running on port 44444 
13:47:03.594 INFO  init 
13:47:03.595 INFO  register route 
13:47:03.595 INFO  registered: /locale-resource 
13:47:03.602 INFO  Server is running on port 44444 
13:48:53.425 INFO  init 
13:48:53.427 INFO  register route 
13:48:53.427 INFO  registered: /locale-resource 
13:48:53.435 INFO  Server is running on port 44444 
13:49:18.038 INFO  init 
13:49:18.039 INFO  register route 
13:49:18.039 INFO  registered: /locale-resource 
13:49:18.047 INFO  Server is running on port 44444 
13:54:11.703 INFO  init 
13:54:11.704 INFO  register route 
13:54:11.704 INFO  registered: /locale-resource 
13:54:11.714 INFO  Server is running on port 44444 
13:55:41.960 INFO  init 
13:55:41.961 INFO  register route 
13:55:41.961 INFO  registered: /locale-resource 
13:55:41.967 INFO  Server is running on port 44444 
13:56:06.721 INFO  init 
13:56:06.723 INFO  register route 
13:56:06.723 INFO  registered: /locale-resource 
13:56:06.730 INFO  Server is running on port 44444 
13:57:04.945 INFO  init 
13:57:04.946 INFO  register route 
13:57:04.946 INFO  registered: /locale-resource 
13:57:04.954 INFO  Server is running on port 44444 
14:01:08.879 INFO  init 
14:01:08.880 INFO  register route 
14:01:08.880 INFO  registered: /locale-resource 
14:01:08.887 INFO  Server is running on port 44444 
14:51:18.541 INFO  init 
14:51:18.542 INFO  register route 
14:51:18.542 INFO  registered: /locale-resource 
14:51:18.551 INFO  Server is running on port 44444 
14:51:47.506 INFO  init 
14:51:47.507 INFO  register route 
14:51:47.507 INFO  registered: /locale-resource 
14:51:47.515 INFO  Server is running on port 44444 
14:52:31.463 INFO  init 
14:52:31.465 INFO  register route 
14:52:31.465 INFO  registered: /locale-resource 
14:52:31.472 INFO  Server is running on port 44444 
14:53:34.748 INFO  init 
14:53:34.749 INFO  register route 
14:53:34.749 INFO  registered: /locale-resource 
14:53:34.758 INFO  Server is running on port 44444 
14:56:13.157 INFO  init 
14:56:13.159 INFO  register route 
14:56:13.159 INFO  registered: /locale-resource 
14:56:13.167 INFO  Server is running on port 44444 
14:57:50.035 INFO  init 
14:57:50.036 INFO  register route 
14:57:50.036 INFO  registered: /locale-resource 
14:57:50.043 INFO  Server is running on port 44444 
14:59:16.269 INFO  init 
14:59:16.270 INFO  register route 
14:59:16.270 INFO  registered: /locale-resource 
14:59:16.278 INFO  Server is running on port 44444 
15:02:03.553 INFO  init 
15:02:03.554 INFO  register route 
15:02:03.554 INFO  registered: /locale-resource 
15:02:03.561 INFO  Server is running on port 44444 
15:02:29.140 INFO  init 
15:02:29.141 INFO  register route 
15:02:29.141 INFO  registered: /locale-resource 
15:02:29.149 INFO  Server is running on port 44444 
15:04:02.585 INFO  init 
15:04:02.587 INFO  register route 
15:04:02.587 INFO  registered: /locale-resource 
15:04:02.594 INFO  Server is running on port 44444 
15:04:08.596 INFO  init 
15:04:08.597 INFO  register route 
15:04:08.597 INFO  registered: /locale-resource 
15:04:08.604 INFO  Server is running on port 44444 
15:04:17.456 INFO  init 
15:04:17.457 INFO  register route 
15:04:17.457 INFO  registered: /locale-resource 
15:04:17.464 INFO  Server is running on port 44444 
16:15:50.327 INFO  init 
16:15:50.329 INFO  register route 
16:15:50.329 INFO  registered: /locale-resource 
16:15:50.336 INFO  Server is running on port 44444 
13:49:23.022 INFO  init 
13:49:23.023 INFO  register route 
13:49:23.023 INFO  registered: /locale-resource 
13:49:23.030 INFO  Server is running on port 44444 
13:50:03.402 INFO  init 
13:50:03.403 INFO  register route 
13:50:03.404 INFO  registered: /locale-resource 
13:50:03.413 INFO  Server is running on port 44444 
13:52:52.585 INFO  init 
13:52:52.586 INFO  register route 
13:52:52.586 INFO  registered: /locale-resource 
13:52:52.594 INFO  Server is running on port 44444 
13:53:31.755 INFO  init 
13:53:31.757 INFO  register route 
13:53:31.757 INFO  registered: /locale-resource 
13:53:31.765 INFO  Server is running on port 44444 
14:23:16.594 INFO  init 
14:23:16.595 INFO  register route 
14:23:16.595 INFO  registered: /locale-resource 
14:23:16.604 INFO  Server is running on port 44444 
14:23:26.945 INFO  init 
14:23:26.946 INFO  register route 
14:23:26.946 INFO  registered: /locale-resource 
14:23:26.954 INFO  Server is running on port 44444 
14:26:39.231 INFO  init 
14:26:39.233 INFO  register route 
14:26:39.233 INFO  registered: /locale-resource 
14:26:39.241 INFO  Server is running on port 44444 
14:29:01.952 INFO  init 
14:29:01.953 INFO  register route 
14:29:01.953 INFO  registered: /locale-resource 
14:29:01.962 INFO  Server is running on port 44444 
14:30:13.822 INFO  init 
14:30:13.823 INFO  register route 
14:30:13.823 INFO  registered: /locale-resource 
14:30:13.832 INFO  Server is running on port 44444 
14:31:29.907 INFO  init 
14:31:29.909 INFO  register route 
14:31:29.909 INFO  registered: /locale-resource 
14:31:29.917 INFO  Server is running on port 44444 
14:32:14.014 INFO  init 
14:32:14.015 INFO  register route 
14:32:14.015 INFO  registered: /locale-resource 
14:32:14.022 INFO  Server is running on port 44444 
14:34:54.430 INFO  init 
14:34:54.431 INFO  register route 
14:34:54.432 INFO  registered: /locale-resource 
14:34:54.439 INFO  Server is running on port 44444 
14:43:23.378 INFO  init 
14:43:23.379 INFO  register route 
14:43:23.379 INFO  registered: /locale-resource 
14:43:23.387 INFO  Server is running on port 44444 
14:43:44.842 INFO  init 
14:43:44.843 INFO  register route 
14:43:44.843 INFO  registered: /locale-resource 
14:43:44.851 INFO  Server is running on port 44444 
14:45:23.837 INFO  init 
14:45:23.838 INFO  register route 
14:45:23.838 INFO  registered: /locale-resource 
14:45:23.846 INFO  Server is running on port 44444 
14:45:42.866 INFO  init 
14:45:42.867 INFO  register route 
14:45:42.867 INFO  registered: /locale-resource 
14:45:42.875 INFO  Server is running on port 44444 
14:50:08.714 INFO  init 
14:50:08.716 INFO  register route 
14:50:08.716 INFO  registered: /locale-resource 
14:50:08.724 INFO  Server is running on port 44444 
14:51:21.216 INFO  init 
14:51:21.217 INFO  register route 
14:51:21.218 INFO  registered: /locale-resource 
14:51:21.226 INFO  Server is running on port 44444 
14:52:37.344 INFO  init 
14:52:37.345 INFO  register route 
14:52:37.346 INFO  registered: /locale-resource 
14:52:37.353 INFO  Server is running on port 44444 
14:53:01.556 INFO  init 
14:53:01.557 INFO  register route 
14:53:01.557 INFO  registered: /locale-resource 
14:53:01.566 INFO  Server is running on port 44444 
15:35:57.075 INFO  init 
15:35:57.076 INFO  register route 
15:35:57.076 INFO  registered: /locale-resource 
15:35:57.083 INFO  Server is running on port 44444 
15:37:41.886 INFO  init 
15:37:41.887 INFO  register route 
15:37:41.887 INFO  registered: /locale-resource 
15:37:41.897 INFO  Server is running on port 44444 
15:38:42.759 INFO  init 
15:38:42.760 INFO  register route 
15:38:42.760 INFO  registered: /locale-resource 
15:38:42.768 INFO  Server is running on port 44444 
15:39:35.540 INFO  init 
15:39:35.541 INFO  register route 
15:39:35.541 INFO  registered: /locale-resource 
15:39:35.549 INFO  Server is running on port 44444 
15:41:04.297 INFO  init 
15:41:04.299 INFO  register route 
15:41:04.299 INFO  registered: /locale-resource 
15:41:04.306 INFO  Server is running on port 44444 
15:53:48.096 INFO  init 
15:53:48.097 INFO  register route 
15:53:48.097 INFO  registered: /locale-resource 
15:53:48.104 INFO  Server is running on port 44444 
16:22:52.530 INFO  init 
16:22:52.531 INFO  register route 
16:22:52.531 INFO  registered: /locale-resource 
16:22:52.539 INFO  Server is running on port 44444 
08:12:21.988 INFO  init 
08:12:21.990 INFO  register route 
08:12:21.990 INFO  registered: /locale-resource 
08:12:22.001 INFO  Server is running on port 44444 
08:13:29.724 INFO  init 
08:13:29.726 INFO  register route 
08:13:29.726 INFO  registered: /locale-resource 
08:13:29.733 INFO  Server is running on port 44444 
08:14:16.105 INFO  init 
08:14:16.106 INFO  register route 
08:14:16.106 INFO  registered: /locale-resource 
08:14:16.113 INFO  Server is running on port 44444 
08:14:49.995 INFO  init 
08:14:49.996 INFO  register route 
08:14:49.996 INFO  registered: /locale-resource 
08:14:50.003 INFO  Server is running on port 44444 
08:14:55.506 INFO  init 
08:14:55.508 INFO  register route 
08:14:55.508 INFO  registered: /locale-resource 
08:14:55.516 INFO  Server is running on port 44444 
08:15:25.408 INFO  init 
08:15:25.409 INFO  register route 
08:15:25.410 INFO  registered: /locale-resource 
08:15:25.417 INFO  Server is running on port 44444 
09:17:01.858 INFO  init 
09:17:01.859 INFO  register route 
09:17:01.859 INFO  registered: /locale-resource 
09:17:01.866 INFO  Server is running on port 44444 
09:18:27.782 INFO  init 
09:18:27.783 INFO  register route 
09:18:27.784 INFO  registered: /locale-resource 
09:18:27.790 INFO  Server is running on port 44444 
09:19:37.246 INFO  init 
09:19:37.248 INFO  register route 
09:19:37.248 INFO  registered: /locale-resource 
09:19:37.255 INFO  Server is running on port 44444 
09:20:07.544 INFO  init 
09:20:07.546 INFO  register route 
09:20:07.546 INFO  registered: /locale-resource 
09:20:07.553 INFO  Server is running on port 44444 
09:22:08.204 INFO  init 
09:22:08.205 INFO  register route 
09:22:08.206 INFO  registered: /locale-resource 
09:22:08.212 INFO  Server is running on port 44444 
09:22:32.873 INFO  init 
09:22:32.875 INFO  register route 
09:22:32.875 INFO  registered: /locale-resource 
09:22:32.890 INFO  Server is running on port 44444 
09:23:14.541 INFO  init 
09:23:14.542 INFO  register route 
09:23:14.542 INFO  registered: /locale-resource 
09:23:14.549 INFO  Server is running on port 44444 
09:24:39.138 INFO  init 
09:24:39.140 INFO  register route 
09:24:39.140 INFO  registered: /locale-resource 
09:24:39.146 INFO  Server is running on port 44444 
09:24:58.085 INFO  init 
09:24:58.087 INFO  register route 
09:24:58.087 INFO  registered: /locale-resource 
09:24:58.096 INFO  Server is running on port 44444 
09:25:11.592 INFO  init 
09:25:11.593 INFO  register route 
09:25:11.593 INFO  registered: /locale-resource 
09:25:11.600 INFO  Server is running on port 44444 
09:25:41.540 INFO  init 
09:25:41.542 INFO  register route 
09:25:41.542 INFO  registered: /locale-resource 
09:25:41.549 INFO  Server is running on port 44444 
09:26:05.451 INFO  init 
09:26:05.452 INFO  register route 
09:26:05.452 INFO  registered: /locale-resource 
09:26:05.460 INFO  Server is running on port 44444 
09:26:28.993 INFO  init 
09:26:28.994 INFO  register route 
09:26:28.994 INFO  registered: /locale-resource 
09:26:29.001 INFO  Server is running on port 44444 
09:27:54.253 INFO  init 
09:27:54.255 INFO  register route 
09:27:54.255 INFO  registered: /locale-resource 
09:27:54.265 INFO  Server is running on port 44444 
09:28:40.872 INFO  init 
09:28:40.873 INFO  register route 
09:28:40.873 INFO  registered: /locale-resource 
09:28:40.880 INFO  Server is running on port 44444 
09:29:12.071 INFO  init 
09:29:12.072 INFO  register route 
09:29:12.073 INFO  registered: /locale-resource 
09:29:12.080 INFO  Server is running on port 44444 
09:29:30.896 INFO  init 
09:29:30.897 INFO  register route 
09:29:30.897 INFO  registered: /locale-resource 
09:29:30.904 INFO  Server is running on port 44444 
09:30:08.224 INFO  init 
09:30:08.225 INFO  register route 
09:30:08.226 INFO  registered: /locale-resource 
09:30:08.233 INFO  Server is running on port 44444 
09:32:20.430 INFO  init 
09:32:20.431 INFO  register route 
09:32:20.432 INFO  registered: /locale-resource 
09:32:20.440 INFO  Server is running on port 44444 
09:32:59.405 INFO  init 
09:32:59.406 INFO  register route 
09:32:59.406 INFO  registered: /locale-resource 
09:32:59.413 INFO  Server is running on port 44444 
09:33:24.629 INFO  init 
09:33:24.630 INFO  register route 
09:33:24.631 INFO  registered: /locale-resource 
09:33:24.638 INFO  Server is running on port 44444 
09:35:37.924 INFO  init 
09:35:37.926 INFO  register route 
09:35:37.926 INFO  registered: /locale-resource 
09:35:37.934 INFO  Server is running on port 44444 
09:36:26.199 INFO  init 
09:36:26.200 INFO  register route 
09:36:26.200 INFO  registered: /locale-resource 
09:36:26.209 INFO  Server is running on port 44444 
09:37:42.625 INFO  init 
09:37:42.627 INFO  register route 
09:37:42.627 INFO  registered: /locale-resource 
09:37:42.634 INFO  Server is running on port 44444 
09:43:19.078 INFO  init 
09:43:19.080 INFO  register route 
09:43:19.080 INFO  registered: /locale-resource 
09:43:19.087 INFO  Server is running on port 44444 
09:45:48.020 INFO  init 
09:45:48.021 INFO  register route 
09:45:48.021 INFO  registered: /locale-resource 
09:45:48.028 INFO  Server is running on port 44444 
09:51:43.560 INFO  init 
09:51:43.562 INFO  register route 
09:51:43.562 INFO  registered: /locale-resource 
09:51:43.569 INFO  Server is running on port 44444 
09:52:33.479 INFO  init 
09:52:33.480 INFO  register route 
09:52:33.480 INFO  registered: /locale-resource 
09:52:33.487 INFO  Server is running on port 44444 
09:55:38.571 INFO  init 
09:55:38.573 INFO  register route 
09:55:38.573 INFO  registered: /locale-resource 
09:55:38.580 INFO  Server is running on port 44444 
10:24:53.868 INFO  init 
10:24:53.869 INFO  register route 
10:24:53.869 INFO  registered: /locale-resource 
10:24:53.877 INFO  Server is running on port 44444 
10:24:59.797 INFO  init 
10:24:59.798 INFO  register route 
10:24:59.799 INFO  registered: /locale-resource 
10:24:59.806 INFO  Server is running on port 44444 
10:25:40.377 INFO  init 
10:25:40.378 INFO  register route 
10:25:40.378 INFO  registered: /locale-resource 
10:25:40.385 INFO  Server is running on port 44444 
10:26:08.661 INFO  init 
10:26:08.662 INFO  register route 
10:26:08.662 INFO  registered: /locale-resource 
10:26:08.669 INFO  Server is running on port 44444 
10:26:35.300 INFO  init 
10:26:35.302 INFO  register route 
10:26:35.302 INFO  registered: /locale-resource 
10:26:35.309 INFO  Server is running on port 44444 
10:26:58.601 INFO  init 
10:26:58.602 INFO  register route 
10:26:58.602 INFO  registered: /locale-resource 
10:26:58.609 INFO  Server is running on port 44444 
10:32:02.286 INFO  init 
10:32:02.288 INFO  register route 
10:32:02.288 INFO  registered: /locale-resource 
10:32:02.295 INFO  Server is running on port 44444 
10:32:36.623 INFO  init 
10:32:36.624 INFO  register route 
10:32:36.624 INFO  registered: /locale-resource 
10:32:36.631 INFO  Server is running on port 44444 
10:32:57.366 INFO  init 
10:32:57.367 INFO  register route 
10:32:57.367 INFO  registered: /locale-resource 
10:32:57.377 INFO  Server is running on port 44444 
10:36:52.764 INFO  init 
10:36:52.766 INFO  register route 
10:36:52.766 INFO  registered: /locale-resource 
10:36:52.779 INFO  Server is running on port 44444 
10:40:36.722 INFO  init 
10:40:36.723 INFO  register route 
10:40:36.723 INFO  registered: /locale-resource 
10:40:36.731 INFO  Server is running on port 44444 
10:53:43.259 INFO  init 
10:53:43.261 INFO  register route 
10:53:43.261 INFO  registered: /locale-resource 
10:53:43.268 INFO  Server is running on port 44444 
10:54:20.115 INFO  init 
10:54:20.116 INFO  register route 
10:54:20.116 INFO  registered: /locale-resource 
10:54:20.123 INFO  Server is running on port 44444 
11:01:34.918 INFO  init 
11:01:34.920 INFO  register route 
11:01:34.920 INFO  registered: /locale-resource 
11:01:34.927 INFO  Server is running on port 44444 
11:01:56.710 INFO  init 
11:01:56.711 INFO  register route 
11:01:56.711 INFO  registered: /locale-resource 
11:01:56.718 INFO  Server is running on port 44444 
11:27:55.067 INFO  init 
11:27:55.069 INFO  register route 
11:27:55.069 INFO  registered: /locale-resource 
11:27:55.079 INFO  Server is running on port 44444 
11:56:39.531 INFO  init 
11:56:39.532 INFO  register route 
11:56:39.533 INFO  registered: /locale-resource 
11:56:39.541 INFO  Server is running on port 44444 
11:57:19.305 INFO  init 
11:57:19.306 INFO  register route 
11:57:19.306 INFO  registered: /locale-resource 
11:57:19.314 INFO  Server is running on port 44444 
11:57:29.768 INFO  init 
11:57:29.769 INFO  register route 
11:57:29.769 INFO  registered: /locale-resource 
11:57:29.776 INFO  Server is running on port 44444 
11:58:16.022 INFO  init 
11:58:16.023 INFO  register route 
11:58:16.023 INFO  registered: /locale-resource 
11:58:16.031 INFO  Server is running on port 44444 
11:58:27.117 INFO  init 
11:58:27.119 INFO  register route 
11:58:27.119 INFO  registered: /locale-resource 
11:58:27.127 INFO  Server is running on port 44444 
11:58:49.038 INFO  init 
11:58:49.039 INFO  register route 
11:58:49.039 INFO  registered: /locale-resource 
11:58:49.047 INFO  Server is running on port 44444 
11:59:01.007 INFO  init 
11:59:01.008 INFO  register route 
11:59:01.008 INFO  registered: /locale-resource 
11:59:01.016 INFO  Server is running on port 44444 
11:59:10.398 INFO  init 
11:59:10.399 INFO  register route 
11:59:10.399 INFO  registered: /locale-resource 
11:59:10.406 INFO  Server is running on port 44444 
11:59:21.184 INFO  init 
11:59:21.185 INFO  register route 
11:59:21.185 INFO  registered: /locale-resource 
11:59:21.192 INFO  Server is running on port 44444 
12:09:45.198 INFO  init 
12:09:45.199 INFO  register route 
12:09:45.199 INFO  registered: /locale-resource 
12:09:45.207 INFO  Server is running on port 44444 
13:06:30.985 INFO  init 
13:06:30.986 INFO  register route 
13:06:30.986 INFO  registered: /locale-resource 
13:06:30.993 INFO  Server is running on port 44444 
13:08:01.159 INFO  init 
13:08:01.160 INFO  register route 
13:08:01.160 INFO  registered: /locale-resource 
13:08:01.168 INFO  Server is running on port 44444 
13:08:34.232 INFO  init 
13:08:34.234 INFO  register route 
13:08:34.234 INFO  registered: /locale-resource 
13:08:34.241 INFO  Server is running on port 44444 
13:09:32.355 INFO  init 
13:09:32.356 INFO  register route 
13:09:32.356 INFO  registered: /locale-resource 
13:09:32.363 INFO  Server is running on port 44444 
13:11:05.055 INFO  init 
13:11:05.056 INFO  register route 
13:11:05.056 INFO  registered: /locale-resource 
13:11:05.067 INFO  Server is running on port 44444 
13:12:38.663 INFO  init 
13:12:38.664 INFO  register route 
13:12:38.664 INFO  registered: /locale-resource 
13:12:38.671 INFO  Server is running on port 44444 
13:13:04.891 INFO  init 
13:13:04.893 INFO  register route 
13:13:04.893 INFO  registered: /locale-resource 
13:13:04.900 INFO  Server is running on port 44444 
13:17:33.028 INFO  init 
13:17:33.029 INFO  register route 
13:17:33.029 INFO  registered: /locale-resource 
13:17:33.036 INFO  Server is running on port 44444 
13:24:54.331 INFO  init 
13:24:54.333 INFO  register route 
13:24:54.333 INFO  registered: /locale-resource 
13:24:54.344 INFO  Server is running on port 44444 
16:25:33.951 INFO  init 
16:25:33.953 INFO  register route 
16:25:33.953 INFO  registered: /locale-resource 
16:25:33.960 INFO  Server is running on port 44444 
16:25:58.369 INFO  init 
16:25:58.370 INFO  register route 
16:25:58.370 INFO  registered: /locale-resource 
16:25:58.378 INFO  Server is running on port 44444 
16:27:23.088 INFO  init 
16:27:23.089 INFO  register route 
16:27:23.089 INFO  registered: /locale-resource 
16:27:23.097 INFO  Server is running on port 44444 
16:28:10.226 INFO  init 
16:28:10.227 INFO  register route 
16:28:10.227 INFO  registered: /locale-resource 
16:28:10.235 INFO  Server is running on port 44444 
07:57:34.249 INFO  init 
07:57:34.251 INFO  register route 
07:57:34.251 INFO  registered: /locale-resource 
07:57:34.260 INFO  Server is running on port 44444 
08:02:52.804 INFO  init 
08:02:52.805 INFO  register route 
08:02:52.805 INFO  registered: /locale-resource 
08:02:52.813 INFO  Server is running on port 44444 
08:12:08.520 INFO  init 
08:12:08.521 INFO  register route 
08:12:08.521 INFO  registered: /locale-resource 
08:12:08.529 INFO  Server is running on port 44444 
10:25:54.951 INFO  init 
10:25:54.953 INFO  register route 
10:25:54.953 INFO  registered: /locale-resource 
10:25:54.960 INFO  Server is running on port 44444 
11:20:13.228 INFO  init 
11:20:13.230 INFO  register route 
11:20:13.230 INFO  registered: /locale-resource 
11:20:13.237 INFO  Server is running on port 44444 
11:27:30.793 INFO  init 
11:27:30.794 INFO  register route 
11:27:30.794 INFO  registered: /locale-resource 
11:27:30.803 INFO  Server is running on port 44444 
11:28:41.126 INFO  init 
11:28:41.128 INFO  register route 
11:28:41.128 INFO  registered: /locale-resource 
11:28:41.135 INFO  Server is running on port 44444 
11:29:49.577 INFO  init 
11:29:49.579 INFO  register route 
11:29:49.579 INFO  registered: /locale-resource 
11:29:49.586 INFO  Server is running on port 44444 
11:35:36.583 INFO  init 
11:35:36.584 INFO  register route 
11:35:36.584 INFO  registered: /locale-resource 
11:35:36.592 INFO  Server is running on port 44444 
13:34:26.111 INFO  init 
13:34:26.113 INFO  register route 
13:34:26.113 INFO  registered: /locale-resource 
13:34:26.120 INFO  Server is running on port 44444 
13:37:33.057 INFO  init 
13:37:33.058 INFO  register route 
13:37:33.058 INFO  registered: /locale-resource 
13:37:33.065 INFO  Server is running on port 44444 
13:38:11.162 INFO  init 
13:38:11.163 INFO  register route 
13:38:11.163 INFO  registered: /locale-resource 
13:38:11.171 INFO  Server is running on port 44444 
13:38:30.748 INFO  init 
13:38:30.749 INFO  register route 
13:38:30.749 INFO  registered: /locale-resource 
13:38:30.756 INFO  Server is running on port 44444 
13:42:02.679 INFO  init 
13:42:02.681 INFO  register route 
13:42:02.681 INFO  registered: /locale-resource 
13:42:02.688 INFO  Server is running on port 44444 
13:42:33.860 INFO  init 
13:42:33.862 INFO  register route 
13:42:33.862 INFO  registered: /locale-resource 
13:42:33.868 INFO  Server is running on port 44444 
13:43:25.099 INFO  init 
13:43:25.100 INFO  register route 
13:43:25.100 INFO  registered: /locale-resource 
13:43:25.108 INFO  Server is running on port 44444 
13:43:59.911 INFO  init 
13:43:59.913 INFO  register route 
13:43:59.913 INFO  registered: /locale-resource 
13:43:59.923 INFO  Server is running on port 44444 
13:47:02.473 INFO  init 
13:47:02.475 INFO  register route 
13:47:02.475 INFO  registered: /locale-resource 
13:47:02.482 INFO  Server is running on port 44444 
13:55:29.540 INFO  init 
13:55:29.542 INFO  register route 
13:55:29.542 INFO  registered: /locale-resource 
13:55:29.549 INFO  Server is running on port 44444 
07:56:42.394 INFO  init 
07:56:42.395 INFO  register route 
07:56:42.395 INFO  registered: /locale-resource 
07:56:42.402 INFO  Server is running on port 44444 
07:57:36.643 INFO  init 
07:57:36.644 INFO  register route 
07:57:36.644 INFO  registered: /locale-resource 
07:57:36.651 INFO  Server is running on port 44444 
07:59:14.130 INFO  init 
07:59:14.131 INFO  register route 
07:59:14.131 INFO  registered: /locale-resource 
07:59:14.138 INFO  Server is running on port 44444 
08:00:16.181 INFO  init 
08:00:16.182 INFO  register route 
08:00:16.183 INFO  registered: /locale-resource 
08:00:16.190 INFO  Server is running on port 44444 
08:01:14.640 INFO  init 
08:01:14.641 INFO  register route 
08:01:14.642 INFO  registered: /locale-resource 
08:01:14.653 INFO  Server is running on port 44444 
08:01:33.985 INFO  init 
08:01:33.987 INFO  register route 
08:01:33.987 INFO  registered: /locale-resource 
08:01:34.002 INFO  Server is running on port 44444 
08:02:26.385 INFO  init 
08:02:26.387 INFO  register route 
08:02:26.388 INFO  registered: /locale-resource 
08:02:26.399 INFO  Server is running on port 44444 
08:02:51.166 INFO  init 
08:02:51.167 INFO  register route 
08:02:51.167 INFO  registered: /locale-resource 
08:02:51.175 INFO  Server is running on port 44444 
08:03:20.247 INFO  init 
08:03:20.248 INFO  register route 
08:03:20.248 INFO  registered: /locale-resource 
08:03:20.255 INFO  Server is running on port 44444 
08:03:55.751 INFO  init 
08:03:55.753 INFO  register route 
08:03:55.753 INFO  registered: /locale-resource 
08:03:55.760 INFO  Server is running on port 44444 
08:04:03.659 INFO  init 
08:04:03.660 INFO  register route 
08:04:03.660 INFO  registered: /locale-resource 
08:04:03.675 INFO  Server is running on port 44444 
08:04:32.504 INFO  init 
08:04:32.505 INFO  register route 
08:04:32.505 INFO  registered: /locale-resource 
08:04:32.513 INFO  Server is running on port 44444 
08:04:56.337 INFO  init 
08:04:56.338 INFO  register route 
08:04:56.339 INFO  registered: /locale-resource 
08:04:56.346 INFO  Server is running on port 44444 
08:05:23.242 INFO  init 
08:05:23.245 INFO  register route 
08:05:23.245 INFO  registered: /locale-resource 
08:05:23.254 INFO  Server is running on port 44444 
08:06:14.609 INFO  init 
08:06:14.610 INFO  register route 
08:06:14.610 INFO  registered: /locale-resource 
08:06:14.620 INFO  Server is running on port 44444 
08:06:49.671 INFO  init 
08:06:49.672 INFO  register route 
08:06:49.672 INFO  registered: /locale-resource 
08:06:49.680 INFO  Server is running on port 44444 
08:08:26.777 INFO  init 
08:08:26.778 INFO  register route 
08:08:26.778 INFO  registered: /locale-resource 
08:08:26.785 INFO  Server is running on port 44444 
08:09:05.368 INFO  init 
08:09:05.369 INFO  register route 
08:09:05.369 INFO  registered: /locale-resource 
08:09:05.377 INFO  Server is running on port 44444 
08:09:28.173 INFO  init 
08:09:28.175 INFO  register route 
08:09:28.175 INFO  registered: /locale-resource 
08:09:28.182 INFO  Server is running on port 44444 
08:09:33.048 INFO  init 
08:09:33.050 INFO  register route 
08:09:33.051 INFO  registered: /locale-resource 
08:09:33.058 INFO  Server is running on port 44444 
08:10:07.569 INFO  init 
08:10:07.570 INFO  register route 
08:10:07.570 INFO  registered: /locale-resource 
08:10:07.578 INFO  Server is running on port 44444 
08:23:13.864 INFO  init 
08:23:13.865 INFO  register route 
08:23:13.865 INFO  registered: /locale-resource 
08:23:13.873 INFO  Server is running on port 44444 
08:23:41.426 INFO  init 
08:23:41.428 INFO  register route 
08:23:41.428 INFO  registered: /locale-resource 
08:23:41.435 INFO  Server is running on port 44444 
08:24:00.415 INFO  init 
08:24:00.416 INFO  register route 
08:24:00.416 INFO  registered: /locale-resource 
08:24:00.424 INFO  Server is running on port 44444 
08:25:42.506 INFO  init 
08:25:42.507 INFO  register route 
08:25:42.507 INFO  registered: /locale-resource 
08:25:42.516 INFO  Server is running on port 44444 
08:25:52.069 INFO  init 
08:25:52.070 INFO  register route 
08:25:52.071 INFO  registered: /locale-resource 
08:25:52.078 INFO  Server is running on port 44444 
08:26:31.151 INFO  init 
08:26:31.152 INFO  register route 
08:26:31.152 INFO  registered: /locale-resource 
08:26:31.160 INFO  Server is running on port 44444 
08:35:28.392 INFO  init 
08:35:28.393 INFO  register route 
08:35:28.393 INFO  registered: /locale-resource 
08:35:28.402 INFO  Server is running on port 44444 
09:09:04.660 INFO  init 
09:09:04.662 INFO  register route 
09:09:04.662 INFO  registered: /locale-resource 
09:09:04.669 INFO  Server is running on port 44444 
09:09:39.741 INFO  init 
09:09:39.742 INFO  register route 
09:09:39.742 INFO  registered: /locale-resource 
09:09:39.750 INFO  Server is running on port 44444 
09:35:36.319 INFO  init 
09:35:36.320 INFO  register route 
09:35:36.321 INFO  registered: /locale-resource 
09:35:36.328 INFO  Server is running on port 44444 
09:36:57.738 INFO  init 
09:36:57.739 INFO  register route 
09:36:57.739 INFO  registered: /locale-resource 
09:36:57.747 INFO  Server is running on port 44444 
09:39:00.320 INFO  init 
09:39:00.322 INFO  register route 
09:39:00.323 INFO  registered: /locale-resource 
09:39:00.335 INFO  Server is running on port 44444 
09:41:13.082 INFO  init 
09:41:13.084 INFO  register route 
09:41:13.084 INFO  registered: /locale-resource 
09:41:13.093 INFO  Server is running on port 44444 
09:43:10.957 INFO  init 
09:43:10.958 INFO  register route 
09:43:10.959 INFO  registered: /locale-resource 
09:43:10.966 INFO  Server is running on port 44444 
09:47:08.368 INFO  init 
09:47:08.369 INFO  register route 
09:47:08.369 INFO  registered: /locale-resource 
09:47:08.377 INFO  Server is running on port 44444 
09:50:36.076 INFO  init 
09:50:36.077 INFO  register route 
09:50:36.078 INFO  registered: /locale-resource 
09:50:36.089 INFO  Server is running on port 44444 
09:51:28.018 INFO  init 
09:51:28.020 INFO  register route 
09:51:28.020 INFO  registered: /locale-resource 
09:51:28.028 INFO  Server is running on port 44444 
09:51:42.715 INFO  init 
09:51:42.718 INFO  register route 
09:51:42.718 INFO  registered: /locale-resource 
09:51:42.726 INFO  Server is running on port 44444 
09:52:02.136 INFO  init 
09:52:02.137 INFO  register route 
09:52:02.137 INFO  registered: /locale-resource 
09:52:02.146 INFO  Server is running on port 44444 
09:52:42.557 INFO  init 
09:52:42.559 INFO  register route 
09:52:42.559 INFO  registered: /locale-resource 
09:52:42.566 INFO  Server is running on port 44444 
09:54:10.400 INFO  init 
09:54:10.401 INFO  register route 
09:54:10.401 INFO  registered: /locale-resource 
09:54:10.409 INFO  Server is running on port 44444 
09:54:30.880 INFO  init 
09:54:30.881 INFO  register route 
09:54:30.881 INFO  registered: /locale-resource 
09:54:30.889 INFO  Server is running on port 44444 
09:55:55.603 INFO  init 
09:55:55.604 INFO  register route 
09:55:55.604 INFO  registered: /locale-resource 
09:55:55.611 INFO  Server is running on port 44444 
09:56:11.334 INFO  init 
09:56:11.357 INFO  register route 
09:56:11.357 INFO  registered: /locale-resource 
09:56:11.367 INFO  Server is running on port 44444 
09:57:25.010 INFO  init 
09:57:25.012 INFO  register route 
09:57:25.012 INFO  registered: /locale-resource 
09:57:25.019 INFO  Server is running on port 44444 
10:07:21.069 INFO  init 
10:07:21.070 INFO  register route 
10:07:21.071 INFO  registered: /locale-resource 
10:07:21.079 INFO  Server is running on port 44444 
10:08:40.898 INFO  init 
10:08:40.899 INFO  register route 
10:08:40.899 INFO  registered: /locale-resource 
10:08:40.907 INFO  Server is running on port 44444 
10:10:03.672 INFO  init 
10:10:03.673 INFO  register route 
10:10:03.673 INFO  registered: /locale-resource 
10:10:03.680 INFO  Server is running on port 44444 
10:12:30.390 INFO  init 
10:12:30.391 INFO  register route 
10:12:30.391 INFO  registered: /locale-resource 
10:12:30.399 INFO  Server is running on port 44444 
10:18:20.542 INFO  init 
10:18:20.544 INFO  register route 
10:18:20.544 INFO  registered: /locale-resource 
10:18:20.551 INFO  Server is running on port 44444 
10:18:32.402 INFO  init 
10:18:32.403 INFO  register route 
10:18:32.403 INFO  registered: /locale-resource 
10:18:32.411 INFO  Server is running on port 44444 
10:18:52.598 INFO  init 
10:18:52.600 INFO  register route 
10:18:52.600 INFO  registered: /locale-resource 
10:18:52.607 INFO  Server is running on port 44444 
10:19:06.524 INFO  init 
10:19:06.525 INFO  register route 
10:19:06.525 INFO  registered: /locale-resource 
10:19:06.532 INFO  Server is running on port 44444 
10:19:22.799 INFO  init 
10:19:22.800 INFO  register route 
10:19:22.800 INFO  registered: /locale-resource 
10:19:22.807 INFO  Server is running on port 44444 
10:19:35.389 INFO  init 
10:19:35.391 INFO  register route 
10:19:35.391 INFO  registered: /locale-resource 
10:19:35.404 INFO  Server is running on port 44444 
10:19:42.076 INFO  init 
10:19:42.077 INFO  register route 
10:19:42.077 INFO  registered: /locale-resource 
10:19:42.084 INFO  Server is running on port 44444 
10:19:59.490 INFO  init 
10:19:59.491 INFO  register route 
10:19:59.491 INFO  registered: /locale-resource 
10:19:59.499 INFO  Server is running on port 44444 
10:20:19.474 INFO  init 
10:20:19.476 INFO  register route 
10:20:19.476 INFO  registered: /locale-resource 
10:20:19.500 INFO  Server is running on port 44444 
10:20:41.452 INFO  init 
10:20:41.453 INFO  register route 
10:20:41.453 INFO  registered: /locale-resource 
10:20:41.461 INFO  Server is running on port 44444 
10:20:53.764 INFO  init 
10:20:53.765 INFO  register route 
10:20:53.766 INFO  registered: /locale-resource 
10:20:53.773 INFO  Server is running on port 44444 
10:39:14.548 INFO  init 
10:39:14.549 INFO  register route 
10:39:14.550 INFO  registered: /locale-resource 
10:39:14.559 INFO  Server is running on port 44444 
10:42:01.189 INFO  init 
10:42:01.191 INFO  register route 
10:42:01.191 INFO  registered: /locale-resource 
10:42:01.199 INFO  Server is running on port 44444 
11:02:45.999 INFO  init 
11:02:46.001 INFO  register route 
11:02:46.001 INFO  registered: /locale-resource 
11:02:46.007 INFO  Server is running on port 44444 
11:03:21.622 INFO  init 
11:03:21.623 INFO  register route 
11:03:21.623 INFO  registered: /locale-resource 
11:03:21.630 INFO  Server is running on port 44444 
11:05:28.402 INFO  init 
11:05:28.404 INFO  register route 
11:05:28.404 INFO  registered: /locale-resource 
11:05:28.412 INFO  Server is running on port 44444 
11:05:41.321 INFO  init 
11:05:41.322 INFO  register route 
11:05:41.322 INFO  registered: /locale-resource 
11:05:41.330 INFO  Server is running on port 44444 
11:17:14.750 INFO  init 
11:17:14.752 INFO  register route 
11:17:14.752 INFO  registered: /locale-resource 
11:17:14.759 INFO  Server is running on port 44444 
11:18:23.325 INFO  init 
11:18:23.327 INFO  register route 
11:18:23.327 INFO  registered: /locale-resource 
11:18:23.335 INFO  Server is running on port 44444 
11:19:07.603 INFO  init 
11:19:07.605 INFO  register route 
11:19:07.605 INFO  registered: /locale-resource 
11:19:07.612 INFO  Server is running on port 44444 
11:21:19.951 INFO  init 
11:21:19.952 INFO  register route 
11:21:19.952 INFO  registered: /locale-resource 
11:21:19.959 INFO  Server is running on port 44444 
11:21:36.181 INFO  init 
11:21:36.182 INFO  register route 
11:21:36.182 INFO  registered: /locale-resource 
11:21:36.190 INFO  Server is running on port 44444 
11:42:17.482 INFO  init 
11:42:17.483 INFO  register route 
11:42:17.484 INFO  registered: /locale-resource 
11:42:17.491 INFO  Server is running on port 44444 
11:42:43.817 INFO  init 
11:42:43.818 INFO  register route 
11:42:43.818 INFO  registered: /locale-resource 
11:42:43.842 INFO  Server is running on port 44444 
13:43:04.726 INFO  init 
13:43:04.727 INFO  register route 
13:43:04.727 INFO  registered: /locale-resource 
13:43:04.734 INFO  Server is running on port 44444 
13:47:54.966 INFO  init 
13:47:54.968 INFO  register route 
13:47:54.968 INFO  registered: /locale-resource 
13:47:54.975 INFO  Server is running on port 44444 
13:49:34.339 INFO  init 
13:49:34.340 INFO  register route 
13:49:34.341 INFO  registered: /locale-resource 
13:49:34.351 INFO  Server is running on port 44444 
13:49:58.057 INFO  init 
13:49:58.058 INFO  register route 
13:49:58.058 INFO  registered: /locale-resource 
13:49:58.067 INFO  Server is running on port 44444 
13:50:47.535 INFO  init 
13:50:47.537 INFO  register route 
13:50:47.537 INFO  registered: /locale-resource 
13:50:47.546 INFO  Server is running on port 44444 
13:51:16.183 INFO  init 
13:51:16.184 INFO  register route 
13:51:16.184 INFO  registered: /locale-resource 
13:51:16.191 INFO  Server is running on port 44444 
13:51:50.177 INFO  init 
13:51:50.178 INFO  register route 
13:51:50.179 INFO  registered: /locale-resource 
13:51:50.186 INFO  Server is running on port 44444 
08:27:15.541 INFO  init 
08:27:15.543 INFO  register route 
08:27:15.543 INFO  registered: /locale-resource 
08:27:15.551 INFO  Server is running on port 44444 
08:27:25.091 INFO  init 
08:27:25.093 INFO  register route 
08:27:25.093 INFO  registered: /locale-resource 
08:27:25.100 INFO  Server is running on port 44444 
08:38:07.904 INFO  init 
08:38:07.906 INFO  register route 
08:38:07.906 INFO  registered: /locale-resource 
08:38:07.913 INFO  Server is running on port 44444 
08:39:11.182 INFO  init 
08:39:11.184 INFO  register route 
08:39:11.184 INFO  registered: /locale-resource 
08:39:11.192 INFO  Server is running on port 44444 
08:39:53.911 INFO  init 
08:39:53.912 INFO  register route 
08:39:53.912 INFO  registered: /locale-resource 
08:39:53.919 INFO  Server is running on port 44444 
08:42:21.224 INFO  init 
08:42:21.226 INFO  register route 
08:42:21.226 INFO  registered: /locale-resource 
08:42:21.233 INFO  Server is running on port 44444 
09:04:10.517 INFO  init 
09:04:10.518 INFO  register route 
09:04:10.518 INFO  registered: /locale-resource 
09:04:10.526 INFO  Server is running on port 44444 
09:06:33.428 INFO  init 
09:06:33.429 INFO  register route 
09:06:33.430 INFO  registered: /report/test/pdf 
09:06:33.430 INFO  registered: /report/ultra-sound/pdf 
09:06:33.442 INFO  Server is running on port 44444 
09:22:38.739 INFO  init 
09:22:38.740 INFO  register route 
09:22:38.740 INFO  registered: /report/test/pdf 
09:22:38.740 INFO  registered: /report/ultra-sound/pdf 
09:22:38.749 INFO  Server is running on port 44444 
09:23:04.235 INFO  init 
09:23:04.237 INFO  register route 
09:23:04.237 INFO  registered: /report/test/pdf 
09:23:04.237 INFO  registered: /report/ultra-sound/pdf 
09:23:04.249 INFO  Server is running on port 44444 
09:23:22.258 INFO  init 
09:23:22.260 INFO  register route 
09:23:22.260 INFO  registered: /report/test/pdf 
09:23:22.260 INFO  registered: /report/ultra-sound/pdf 
09:23:22.269 INFO  Server is running on port 44444 
09:24:58.337 INFO  init 
09:24:58.338 INFO  register route 
09:24:58.338 INFO  registered: /report/test/pdf 
09:24:58.339 INFO  registered: /report/ultra-sound/pdf 
09:24:58.346 INFO  Server is running on port 44444 
09:25:46.006 INFO  init 
09:25:46.007 INFO  register route 
09:25:46.007 INFO  registered: /report/test/pdf 
09:25:46.007 INFO  registered: /report/ultra-sound/pdf 
09:25:46.015 INFO  Server is running on port 44444 
09:27:23.014 INFO  init 
09:27:23.015 INFO  register route 
09:27:23.015 INFO  registered: /report/test/pdf 
09:27:23.016 INFO  registered: /report/ultra-sound/pdf 
09:27:23.023 INFO  Server is running on port 44444 
09:29:03.950 INFO  init 
09:29:03.951 INFO  register route 
09:29:03.951 INFO  registered: /report/test/pdf 
09:29:03.951 INFO  registered: /report/ultra-sound/pdf 
09:29:03.958 INFO  Server is running on port 44444 
09:31:12.699 INFO  init 
09:31:12.701 INFO  register route 
09:31:12.701 INFO  registered: /report/test/pdf 
09:31:12.701 INFO  registered: /report/ultra-sound/pdf 
09:31:12.708 INFO  Server is running on port 44444 
09:31:35.497 INFO  init 
09:31:35.499 INFO  register route 
09:31:35.499 INFO  registered: /report/test/pdf 
09:31:35.499 INFO  registered: /report/ultra-sound/pdf 
09:31:35.509 INFO  Server is running on port 44444 
11:19:04.870 INFO  init 
11:19:04.876 INFO  register route 
11:19:04.876 INFO  registered: /report/test/pdf 
11:19:04.876 INFO  registered: /report/ultra-sound/pdf 
11:19:04.890 INFO  Server is running on port 44444 
11:19:49.363 INFO  init 
11:19:49.364 INFO  register route 
11:19:49.364 INFO  registered: /report/test/pdf 
11:19:49.364 INFO  registered: /report/ultra-sound/pdf 
11:19:49.374 INFO  Server is running on port 44444 
11:21:24.276 INFO  init 
11:21:24.278 INFO  register route 
11:21:24.278 INFO  registered: /report/test/pdf 
11:21:24.278 INFO  registered: /report/ultra-sound/pdf 
11:21:24.286 INFO  Server is running on port 44444 
11:21:45.718 INFO  init 
11:21:45.719 INFO  register route 
11:21:45.719 INFO  registered: /report/test/pdf 
11:21:45.719 INFO  registered: /report/ultra-sound/pdf 
11:21:45.726 INFO  Server is running on port 44444 
11:23:06.731 INFO  init 
11:23:06.733 INFO  register route 
11:23:06.733 INFO  registered: /report/test/pdf 
11:23:06.733 INFO  registered: /report/ultra-sound/pdf 
11:23:06.741 INFO  Server is running on port 44444 
11:27:40.959 INFO  init 
11:27:40.961 INFO  register route 
11:27:40.961 INFO  registered: /report/test/pdf 
11:27:40.961 INFO  registered: /report/ultra-sound/pdf 
11:27:40.970 INFO  Server is running on port 44444 
15:30:10.703 INFO  init 
15:30:10.705 INFO  register route 
15:30:10.705 INFO  registered: /report/test/pdf 
15:30:10.705 INFO  registered: /report/ultra-sound/pdf 
15:30:10.713 INFO  Server is running on port 44444 
15:31:20.616 INFO  init 
15:31:20.617 INFO  register route 
15:31:20.617 INFO  registered: /report/test/pdf 
15:31:20.617 INFO  registered: /report/ultra-sound/pdf 
15:31:20.627 INFO  Server is running on port 44444 
15:32:26.289 INFO  init 
15:32:26.291 INFO  register route 
15:32:26.291 INFO  registered: /report/test/pdf 
15:32:26.291 INFO  registered: /report/ultra-sound/pdf 
15:32:26.300 INFO  Server is running on port 44444 
15:32:55.937 INFO  init 
15:32:55.939 INFO  register route 
15:32:55.939 INFO  registered: /report/test/pdf 
15:32:55.939 INFO  registered: /report/ultra-sound/pdf 
15:32:55.948 INFO  Server is running on port 44444 
15:33:09.324 INFO  init 
15:33:09.325 INFO  register route 
15:33:09.325 INFO  registered: /report/test/pdf 
15:33:09.326 INFO  registered: /report/ultra-sound/pdf 
15:33:09.334 INFO  Server is running on port 44444 
15:34:17.838 INFO  init 
15:34:17.839 INFO  register route 
15:34:17.839 INFO  registered: /report/test/pdf 
15:34:17.839 INFO  registered: /report/ultra-sound/pdf 
15:34:17.849 INFO  Server is running on port 44444 
15:36:44.790 INFO  init 
15:36:44.792 INFO  register route 
15:36:44.792 INFO  registered: /report/test/pdf 
15:36:44.792 INFO  registered: /report/ultra-sound/pdf 
15:36:44.801 INFO  Server is running on port 44444 
15:39:19.708 INFO  init 
15:39:19.710 INFO  register route 
15:39:19.710 INFO  registered: /report/test/pdf 
15:39:19.710 INFO  registered: /report/ultra-sound/pdf 
15:39:19.741 INFO  Server is running on port 44444 
15:51:09.406 INFO  init 
15:51:09.408 INFO  register route 
15:51:09.408 INFO  registered: /report/test/pdf 
15:51:09.408 INFO  registered: /report/ultra-sound/pdf 
15:51:09.421 INFO  Server is running on port 44444 
09:31:56.368 INFO  init 
09:31:56.370 INFO  register route 
09:31:56.370 INFO  registered: /report/test/pdf 
09:31:56.370 INFO  registered: /report/ultra-sound/pdf 
09:31:56.379 INFO  Server is running on port 44444 
09:54:29.004 INFO  init 
09:54:29.005 INFO  register route 
09:54:29.005 INFO  registered: /report/test/pdf 
09:54:29.005 INFO  registered: /report/ultra-sound/pdf 
09:54:29.041 INFO  Server is running on port 44444 
10:26:02.558 INFO  init 
10:26:02.560 INFO  register route 
10:26:02.560 INFO  registered: /report/pdf 
10:26:02.568 INFO  Server is running on port 44444 
10:26:07.958 INFO  init 
10:26:07.959 INFO  register route 
10:26:07.960 INFO  registered: /report/pdf 
10:26:07.968 INFO  Server is running on port 44444 
10:31:33.526 INFO  init 
10:31:33.527 INFO  register route 
10:31:33.527 INFO  registered: /report/pdf 
10:31:33.535 INFO  Server is running on port 44444 
10:32:32.896 INFO  init 
10:32:32.897 INFO  register route 
10:32:32.897 INFO  registered: /report/pdf 
10:32:32.904 INFO  Server is running on port 44444 
10:34:50.565 INFO  init 
10:34:50.567 INFO  register route 
10:34:50.567 INFO  registered: /report/pdf 
10:34:50.575 INFO  Server is running on port 44444 
10:36:24.686 INFO  init 
10:36:24.687 INFO  register route 
10:36:24.687 INFO  registered: /report/pdf 
10:36:24.697 INFO  Server is running on port 44444 
10:37:07.413 INFO  init 
10:37:07.414 INFO  register route 
10:37:07.414 INFO  registered: /report/pdf 
10:37:07.422 INFO  Server is running on port 44444 
10:37:31.762 INFO  init 
10:37:31.764 INFO  register route 
10:37:31.764 INFO  registered: /report/pdf 
10:37:31.772 INFO  Server is running on port 44444 
10:37:42.258 INFO  init 
10:37:42.259 INFO  register route 
10:37:42.259 INFO  registered: /report/pdf 
10:37:42.267 INFO  Server is running on port 44444 
10:38:20.153 INFO  init 
10:38:20.154 INFO  register route 
10:38:20.154 INFO  registered: /report/pdf 
10:38:20.162 INFO  Server is running on port 44444 
10:38:23.195 INFO  init 
10:38:23.196 INFO  register route 
10:38:23.196 INFO  registered: /report/pdf 
10:38:23.203 INFO  Server is running on port 44444 
10:39:12.068 INFO  init 
10:39:12.071 INFO  register route 
10:39:12.071 INFO  registered: /report/pdf 
10:39:12.080 INFO  Server is running on port 44444 
10:39:15.058 INFO  init 
10:39:15.060 INFO  register route 
10:39:15.060 INFO  registered: /report/pdf 
10:39:15.067 INFO  Server is running on port 44444 
10:39:36.399 INFO  init 
10:39:36.400 INFO  register route 
10:39:36.400 INFO  registered: /report/pdf 
10:39:36.410 INFO  Server is running on port 44444 
10:40:03.650 INFO  init 
10:40:03.651 INFO  register route 
10:40:03.651 INFO  registered: /report/pdf 
10:40:03.660 INFO  Server is running on port 44444 
10:40:15.778 INFO  init 
10:40:15.779 INFO  register route 
10:40:15.779 INFO  registered: /report/pdf 
10:40:15.789 INFO  Server is running on port 44444 
10:40:30.658 INFO  init 
10:40:30.659 INFO  register route 
10:40:30.659 INFO  registered: /report/pdf 
10:40:30.667 INFO  Server is running on port 44444 
10:41:27.987 INFO  init 
10:41:27.989 INFO  register route 
10:41:27.989 INFO  registered: /report/pdf 
10:41:27.997 INFO  Server is running on port 44444 
10:42:28.620 INFO  init 
10:42:28.621 INFO  register route 
10:42:28.621 INFO  registered: /report/pdf 
10:42:28.628 INFO  Server is running on port 44444 
10:48:26.861 INFO  init 
10:48:26.862 INFO  register route 
10:48:26.863 INFO  registered: /report/pdf 
10:48:26.871 INFO  Server is running on port 44444 
11:00:53.115 INFO  init 
11:00:53.116 INFO  register route 
11:00:53.117 INFO  registered: /report/pdf 
11:00:53.125 INFO  Server is running on port 44444 
11:02:11.590 INFO  init 
11:02:11.591 INFO  register route 
11:02:11.591 INFO  registered: /report/pdf 
11:02:11.599 INFO  Server is running on port 44444 
11:03:23.679 INFO  init 
11:03:23.680 INFO  register route 
11:03:23.680 INFO  registered: /report/pdf 
11:03:23.688 INFO  Server is running on port 44444 
